[INFO] Scanning for projects...
[INFO] 
[INFO] -----------------------< com.houssam:SmartLogi >------------------------
[INFO] Building SmartLogi 0.0.1-SNAPSHOT
[INFO]   from pom.xml
[INFO] --------------------------------[ jar ]---------------------------------
[INFO] 
[INFO] >>> spring-boot:3.5.7:run (default-cli) > test-compile @ SmartLogi >>>
[INFO] 
[INFO] --- resources:3.3.1:resources (default-resources) @ SmartLogi ---
[INFO] Copying 1 resource from src\main\resources to target\classes
[INFO] Copying 2 resources from src\main\resources to target\classes
[INFO] 
[INFO] --- compiler:3.14.1:compile (default-compile) @ SmartLogi ---
[INFO] Nothing to compile - all classes are up to date.
[INFO] 
[INFO] --- resources:3.3.1:testResources (default-testResources) @ SmartLogi ---
[INFO] skip non existing resourceDirectory C:\Users\safiy\Desktop\SmartLogi\src\test\resources
[INFO] 
[INFO] --- compiler:3.14.1:testCompile (default-testCompile) @ SmartLogi ---
[INFO] Nothing to compile - all classes are up to date.
[INFO] 
[INFO] <<< spring-boot:3.5.7:run (default-cli) < test-compile @ SmartLogi <<<
[INFO] 
[INFO] 
[INFO] --- spring-boot:3.5.7:run (default-cli) @ SmartLogi ---
[INFO] Attaching agents: []

  .   ____          _            __ _ _
 /\\ / ___'_ __ _ _(_)_ __  __ _ \ \ \ \
( ( )\___ | '_ | '_| | '_ \/ _` | \ \ \ \
 \\/  ___)| |_)| | | | | || (_| |  ) ) ) )
  '  |____| .__|_| |_|_| |_\__, | / / / /
 =========|_|==============|___/=/_/_/_/

 :: Spring Boot ::                (v3.5.7)

2025-10-27T14:22:29.212+01:00  INFO 28168 --- [SmartLogi] [           main] c.h.SmartLogi.SmartLogiApplication       : Starting SmartLogiApplication using Java 17.0.12 with PID 28168 (C:\Users\safiy\Desktop\SmartLogi\target\classes started by Houssam in C:\Users\safiy\Desktop\SmartLogi)
2025-10-27T14:22:29.222+01:00  INFO 28168 --- [SmartLogi] [           main] c.h.SmartLogi.SmartLogiApplication       : No active profile set, falling back to 1 default profile: "default"
2025-10-27T14:22:29.692+01:00  INFO 28168 --- [SmartLogi] [           main] .s.d.r.c.RepositoryConfigurationDelegate : Bootstrapping Spring Data JPA repositories in DEFAULT mode.
2025-10-27T14:22:29.717+01:00  INFO 28168 --- [SmartLogi] [           main] .s.d.r.c.RepositoryConfigurationDelegate : Finished Spring Data repository scanning in 9 ms. Found 0 JPA repository interfaces.
2025-10-27T14:22:30.122+01:00  INFO 28168 --- [SmartLogi] [           main] o.s.b.w.embedded.tomcat.TomcatWebServer  : Tomcat initialized with port 8080 (http)
2025-10-27T14:22:30.132+01:00  INFO 28168 --- [SmartLogi] [           main] o.apache.catalina.core.StandardService   : Starting service [Tomcat]
2025-10-27T14:22:30.132+01:00  INFO 28168 --- [SmartLogi] [           main] o.apache.catalina.core.StandardEngine    : Starting Servlet engine: [Apache Tomcat/10.1.48]
2025-10-27T14:22:30.182+01:00  INFO 28168 --- [SmartLogi] [           main] o.a.c.c.C.[Tomcat].[localhost].[/]       : Initializing Spring embedded WebApplicationContext
2025-10-27T14:22:30.182+01:00  INFO 28168 --- [SmartLogi] [           main] w.s.c.ServletWebServerApplicationContext : Root WebApplicationContext: initialization completed in 920 ms
2025-10-27T14:22:30.292+01:00  INFO 28168 --- [SmartLogi] [           main] com.zaxxer.hikari.HikariDataSource       : HikariPool-1 - Starting...
2025-10-27T14:22:30.498+01:00  INFO 28168 --- [SmartLogi] [           main] com.zaxxer.hikari.pool.HikariPool        : HikariPool-1 - Added connection org.postgresql.jdbc.PgConnection@52ae997b
2025-10-27T14:22:30.500+01:00  INFO 28168 --- [SmartLogi] [           main] com.zaxxer.hikari.HikariDataSource       : HikariPool-1 - Start completed.
2025-10-27T14:22:30.616+01:00  INFO 28168 --- [SmartLogi] [           main] liquibase.database                       : Set default schema name to public
2025-10-27T14:22:31.022+01:00  INFO 28168 --- [SmartLogi] [           main] liquibase.changelog                      : Reading from public.databasechangelog
2025-10-27T14:22:31.067+01:00  INFO 28168 --- [SmartLogi] [           main] liquibase.ui                             : Database is up to date, no changesets to execute
2025-10-27T14:22:31.072+01:00  INFO 28168 --- [SmartLogi] [           main] liquibase.changelog                      : Reading from public.databasechangelog
2025-10-27T14:22:31.072+01:00  INFO 28168 --- [SmartLogi] [           main] liquibase.util                           : UPDATE SUMMARY
2025-10-27T14:22:31.072+01:00  INFO 28168 --- [SmartLogi] [           main] liquibase.util                           : Run:                          0
2025-10-27T14:22:31.072+01:00  INFO 28168 --- [SmartLogi] [           main] liquibase.util                           : Previously run:               1
2025-10-27T14:22:31.072+01:00  INFO 28168 --- [SmartLogi] [           main] liquibase.util                           : Filtered out:                 0
2025-10-27T14:22:31.072+01:00  INFO 28168 --- [SmartLogi] [           main] liquibase.util                           : -------------------------------
2025-10-27T14:22:31.072+01:00  INFO 28168 --- [SmartLogi] [           main] liquibase.util                           : Total change sets:            1
2025-10-27T14:22:31.072+01:00  INFO 28168 --- [SmartLogi] [           main] liquibase.util                           : Update summary generated
2025-10-27T14:22:31.082+01:00  INFO 28168 --- [SmartLogi] [           main] liquibase.command                        : Command execution complete
2025-10-27T14:22:31.810+01:00  INFO 28168 --- [SmartLogi] [           main] o.hibernate.jpa.internal.util.LogHelper  : HHH000204: Processing PersistenceUnitInfo [name: default]
2025-10-27T14:22:31.837+01:00  INFO 28168 --- [SmartLogi] [           main] org.hibernate.Version                    : HHH000412: Hibernate ORM core version 6.6.33.Final
2025-10-27T14:22:31.862+01:00  INFO 28168 --- [SmartLogi] [           main] o.h.c.internal.RegionFactoryInitiator    : HHH000026: Second-level cache disabled
2025-10-27T14:22:32.062+01:00  INFO 28168 --- [SmartLogi] [           main] o.s.o.j.p.SpringPersistenceUnitInfo      : No LoadTimeWeaver setup: ignoring JPA class transformer
2025-10-27T14:22:32.102+01:00  WARN 28168 --- [SmartLogi] [           main] org.hibernate.orm.deprecation            : HHH90000025: PostgreSQLDialect does not need to be specified explicitly using 'hibernate.dialect' (remove the property setting and it will be selected by default)
2025-10-27T14:22:32.114+01:00  INFO 28168 --- [SmartLogi] [           main] org.hibernate.orm.connections.pooling    : HHH10001005: Database info:
	Database JDBC URL [Connecting through datasource 'HikariDataSource (HikariPool-1)']
	Database driver: undefined/unknown
	Database version: 17.2
	Autocommit mode: undefined/unknown
	Isolation level: undefined/unknown
	Minimum pool size: undefined/unknown
	Maximum pool size: undefined/unknown
2025-10-27T14:22:32.876+01:00  INFO 28168 --- [SmartLogi] [           main] o.h.e.t.j.p.i.JtaPlatformInitiator       : HHH000489: No JTA platform available (set 'hibernate.transaction.jta.platform' to enable JTA platform integration)
2025-10-27T14:22:32.882+01:00  INFO 28168 --- [SmartLogi] [           main] j.LocalContainerEntityManagerFactoryBean : Initialized JPA EntityManagerFactory for persistence unit 'default'
2025-10-27T14:22:32.915+01:00  WARN 28168 --- [SmartLogi] [           main] JpaBaseConfiguration$JpaWebConfiguration : spring.jpa.open-in-view is enabled by default. Therefore, database queries may be performed during view rendering. Explicitly configure spring.jpa.open-in-view to disable this warning
2025-10-27T14:22:33.302+01:00  WARN 28168 --- [SmartLogi] [           main] ConfigServletWebServerApplicationContext : Exception encountered during context initialization - cancelling refresh attempt: org.springframework.context.ApplicationContextException: Failed to start bean 'webServerStartStop'
2025-10-27T14:22:33.311+01:00  INFO 28168 --- [SmartLogi] [           main] j.LocalContainerEntityManagerFactoryBean : Closing JPA EntityManagerFactory for persistence unit 'default'
2025-10-27T14:22:33.315+01:00  INFO 28168 --- [SmartLogi] [           main] com.zaxxer.hikari.HikariDataSource       : HikariPool-1 - Shutdown initiated...
2025-10-27T14:22:33.315+01:00  INFO 28168 --- [SmartLogi] [           main] com.zaxxer.hikari.HikariDataSource       : HikariPool-1 - Shutdown completed.
2025-10-27T14:22:33.336+01:00  INFO 28168 --- [SmartLogi] [           main] .s.b.a.l.ConditionEvaluationReportLogger : 

Error starting ApplicationContext. To display the condition evaluation report re-run your application with 'debug' enabled.
2025-10-27T14:22:33.375+01:00 ERROR 28168 --- [SmartLogi] [           main] o.s.b.d.LoggingFailureAnalysisReporter   : 

***************************
APPLICATION FAILED TO START
***************************

Description:

Web server failed to start. Port 8080 was already in use.

Action:

Identify and stop the process that's listening on port 8080 or configure this application to listen on another port.

[INFO] ------------------------------------------------------------------------
[INFO] BUILD FAILURE
[INFO] ------------------------------------------------------------------------
[INFO] Total time:  7.190 s
[INFO] Finished at: 2025-10-27T14:22:33+01:00
[INFO] ------------------------------------------------------------------------
[ERROR] Failed to execute goal org.springframework.boot:spring-boot-maven-plugin:3.5.7:run (default-cli) on project SmartLogi: Process terminated with exit code: 1 -> [Help 1]
[ERROR] 
[ERROR] To see the full stack trace of the errors, re-run Maven with the -e switch.
[ERROR] Re-run Maven using the -X switch to enable full debug logging.
[ERROR] 
[ERROR] For more information about the errors and possible solutions, please read the following articles:
[ERROR] [Help 1] http://cwiki.apache.org/confluence/display/MAVEN/MojoExecutionException
